# JRE version: OpenJDK Runtime Environment (8.0_242-b01) (build 1.8.0_242-release-1644-b01)
# Java VM: OpenJDK 64-Bit Server VM (25.242-b01 mixed mode windows-amd64 compressed oops)
Heap:
 PSYoungGen      total 473088K, used 274549K [0x00000000d5580000, 0x00000000fd100000, 0x0000000100000000)
  eden space 443904K, 55% used [0x00000000d5580000,0x00000000e4531708,0x00000000f0700000)
  from space 29184K, 99% used [0x00000000f2080000,0x00000000f3cebde0,0x00000000f3d00000)
  to   space 103424K, 0% used [0x00000000f6c00000,0x00000000f6c00000,0x00000000fd100000)
 ParOldGen       total 200704K, used 69789K [0x0000000080000000, 0x000000008c400000, 0x00000000d5580000)
  object space 200704K, 34% used [0x0000000080000000,0x00000000844275e8,0x000000008c400000)
 Metaspace       used 113669K, capacity 122638K, committed 122904K, reserved 1157120K
  class space    used 14519K, capacity 16077K, committed 16176K, reserved 1048576K
GC Heap History (10 events):
Event: 6701.406 GC heap before
{Heap before GC invocations=38 (full 5):
 PSYoungGen      total 545792K, used 486528K [0x00000000d5580000, 0x00000000fd200000, 0x0000000100000000)
  eden space 462336K, 100% used [0x00000000d5580000,0x00000000f1900000,0x00000000f1900000)
  from space 83456K, 28% used [0x00000000f8080000,0x00000000f9820028,0x00000000fd200000)
  to   space 94720K, 0% used [0x00000000f1900000,0x00000000f1900000,0x00000000f7580000)
 ParOldGen       total 200704K, used 69765K [0x0000000080000000, 0x000000008c400000, 0x00000000d5580000)
  object space 200704K, 34% used [0x0000000080000000,0x00000000844215e8,0x000000008c400000)
 Metaspace       used 108267K, capacity 115060K, committed 115224K, reserved 1148928K
  class space    used 13849K, capacity 15075K, committed 15152K, reserved 1048576K
Event: 6701.770 GC heap after
Heap after GC invocations=38 (full 5):
 PSYoungGen      total 557056K, used 30858K [0x00000000d5580000, 0x00000000fdf00000, 0x0000000100000000)
  eden space 462336K, 0% used [0x00000000d5580000,0x00000000d5580000,0x00000000f1900000)
  from space 94720K, 32% used [0x00000000f1900000,0x00000000f3722898,0x00000000f7580000)
  to   space 88576K, 0% used [0x00000000f8880000,0x00000000f8880000,0x00000000fdf00000)
 ParOldGen       total 200704K, used 69773K [0x0000000080000000, 0x000000008c400000, 0x00000000d5580000)
  object space 200704K, 34% used [0x0000000080000000,0x00000000844235e8,0x000000008c400000)
 Metaspace       used 108267K, capacity 115060K, committed 115224K, reserved 1148928K
  class space    used 13849K, capacity 15075K, committed 15152K, reserved 1048576K
}
Event: 11721.614 GC heap before
{Heap before GC invocations=39 (full 5):
 PSYoungGen      total 557056K, used 493194K [0x00000000d5580000, 0x00000000fdf00000, 0x0000000100000000)
  eden space 462336K, 100% used [0x00000000d5580000,0x00000000f1900000,0x00000000f1900000)
  from space 94720K, 32% used [0x00000000f1900000,0x00000000f3722898,0x00000000f7580000)
  to   space 88576K, 0% used [0x00000000f8880000,0x00000000f8880000,0x00000000fdf00000)
 ParOldGen       total 200704K, used 69773K [0x0000000080000000, 0x000000008c400000, 0x00000000d5580000)
  object space 200704K, 34% used [0x0000000080000000,0x00000000844235e8,0x000000008c400000)
 Metaspace       used 108375K, capacity 115078K, committed 115224K, reserved 1148928K
  class space    used 13851K, capacity 15078K, committed 15152K, reserved 1048576K
Event: 11722.089 GC heap after
Heap after GC invocations=39 (full 5):
 PSYoungGen      total 561152K, used 16882K [0x00000000d5580000, 0x00000000fd500000, 0x0000000100000000)
  eden space 482816K, 0% used [0x00000000d5580000,0x00000000d5580000,0x00000000f2d00000)
  from space 78336K, 21% used [0x00000000f8880000,0x00000000f98fc810,0x00000000fd500000)
  to   space 86016K, 0% used [0x00000000f2d00000,0x00000000f2d00000,0x00000000f8100000)
 ParOldGen       total 200704K, used 69773K [0x0000000080000000, 0x000000008c400000, 0x00000000d5580000)
  object space 200704K, 34% used [0x0000000080000000,0x00000000844235e8,0x000000008c400000)
 Metaspace       used 108375K, capacity 115078K, committed 115224K, reserved 1148928K
  class space    used 13851K, capacity 15078K, committed 15152K, reserved 1048576K
}
Event: 12350.184 GC heap before
{Heap before GC invocations=40 (full 5):
 PSYoungGen      total 561152K, used 499669K [0x00000000d5580000, 0x00000000fd500000, 0x0000000100000000)
  eden space 482816K, 99% used [0x00000000d5580000,0x00000000f2cf8e30,0x00000000f2d00000)
  from space 78336K, 21% used [0x00000000f8880000,0x00000000f98fc810,0x00000000fd500000)
  to   space 86016K, 0% used [0x00000000f2d00000,0x00000000f2d00000,0x00000000f8100000)
 ParOldGen       total 200704K, used 69773K [0x0000000080000000, 0x000000008c400000, 0x00000000d5580000)
  object space 200704K, 34% used [0x0000000080000000,0x00000000844235e8,0x000000008c400000)
 Metaspace       used 109607K, capacity 117562K, committed 117656K, reserved 1150976K
  class space    used 14050K, capacity 15448K, committed 15536K, reserved 1048576K
Event: 12353.114 GC heap after
Heap after GC invocations=40 (full 5):
 PSYoungGen      total 568832K, used 69833K [0x00000000d5580000, 0x00000000ffb00000, 0x0000000100000000)
  eden space 482816K, 0% used [0x00000000d5580000,0x00000000d5580000,0x00000000f2d00000)
  from space 86016K, 81% used [0x00000000f2d00000,0x00000000f71327d8,0x00000000f8100000)
  to   space 94720K, 0% used [0x00000000f9e80000,0x00000000f9e80000,0x00000000ffb00000)
 ParOldGen       total 200704K, used 69781K [0x0000000080000000, 0x000000008c400000, 0x00000000d5580000)
  object space 200704K, 34% used [0x0000000080000000,0x00000000844255e8,0x000000008c400000)
 Metaspace       used 109607K, capacity 117562K, committed 117656K, reserved 1150976K
  class space    used 14050K, capacity 15448K, committed 15536K, reserved 1048576K
}
Event: 12483.829 GC heap before
{Heap before GC invocations=41 (full 5):
 PSYoungGen      total 568832K, used 552649K [0x00000000d5580000, 0x00000000ffb00000, 0x0000000100000000)
  eden space 482816K, 100% used [0x00000000d5580000,0x00000000f2d00000,0x00000000f2d00000)
  from space 86016K, 81% used [0x00000000f2d00000,0x00000000f71327d8,0x00000000f8100000)
  to   space 94720K, 0% used [0x00000000f9e80000,0x00000000f9e80000,0x00000000ffb00000)
 ParOldGen       total 200704K, used 69781K [0x0000000080000000, 0x000000008c400000, 0x00000000d5580000)
  object space 200704K, 34% used [0x0000000080000000,0x00000000844255e8,0x000000008c400000)
 Metaspace       used 110234K, capacity 118606K, committed 118808K, reserved 1153024K
  class space    used 14132K, capacity 15600K, committed 15664K, reserved 1048576K
Event: 12484.201 GC heap after
Heap after GC invocations=41 (full 5):
 PSYoungGen      total 550912K, used 87772K [0x00000000d5580000, 0x00000000ff480000, 0x0000000100000000)
  eden space 462848K, 0% used [0x00000000d5580000,0x00000000d5580000,0x00000000f1980000)
  from space 88064K, 99% used [0x00000000f9e80000,0x00000000ff437218,0x00000000ff480000)
  to   space 108544K, 0% used [0x00000000f2080000,0x00000000f2080000,0x00000000f8a80000)
 ParOldGen       total 200704K, used 69781K [0x0000000080000000, 0x000000008c400000, 0x00000000d5580000)
  object space 200704K, 34% used [0x0000000080000000,0x00000000844255e8,0x000000008c400000)
 Metaspace       used 110234K, capacity 118606K, committed 118808K, reserved 1153024K
  class space    used 14132K, capacity 15600K, committed 15664K, reserved 1048576K
}
Event: 12817.044 GC heap before
{Heap before GC invocations=42 (full 5):
 PSYoungGen      total 550912K, used 550620K [0x00000000d5580000, 0x00000000ff480000, 0x0000000100000000)
  eden space 462848K, 100% used [0x00000000d5580000,0x00000000f1980000,0x00000000f1980000)
  from space 88064K, 99% used [0x00000000f9e80000,0x00000000ff437218,0x00000000ff480000)
  to   space 108544K, 0% used [0x00000000f2080000,0x00000000f2080000,0x00000000f8a80000)
 ParOldGen       total 200704K, used 69781K [0x0000000080000000, 0x000000008c400000, 0x00000000d5580000)
  object space 200704K, 34% used [0x0000000080000000,0x00000000844255e8,0x000000008c400000)
 Metaspace       used 113070K, capacity 121784K, committed 122008K, reserved 1155072K
  class space    used 14460K, capacity 15974K, committed 16048K, reserved 1048576K
Event: 12817.884 GC heap after
Heap after GC invocations=42 (full 5):
 PSYoungGen      total 473088K, used 29103K [0x00000000d5580000, 0x00000000fd100000, 0x0000000100000000)
  eden space 443904K, 0% used [0x00000000d5580000,0x00000000d5580000,0x00000000f0700000)
  from space 29184K, 99% used [0x00000000f2080000,0x00000000f3cebde0,0x00000000f3d00000)
  to   space 103424K, 0% used [0x00000000f6c00000,0x00000000f6c00000,0x00000000fd100000)
 ParOldGen       total 200704K, used 69789K [0x0000000080000000, 0x000000008c400000, 0x00000000d5580000)
  object space 200704K, 34% used [0x0000000080000000,0x00000000844275e8,0x000000008c400000)
 Metaspace       used 113070K, capacity 121784K, committed 122008K, reserved 1155072K
  class space    used 14460K, capacity 15974K, committed 16048K, reserved 1048576K
}

